<?xml version="1.0" encoding="UTF-8"?>
<testsuite name="com.example.demo.service.MemberServiceImplTest" tests="1" skipped="0" failures="0" errors="0" timestamp="2024-06-18T13:42:42" hostname="DESKTOP-FT4O3NU" time="1.992">
  <properties/>
  <testcase name="joinApi()" classname="com.example.demo.service.MemberServiceImplTest" time="1.992"/>
  <system-out><![CDATA[22:42:35.000 [Test worker] DEBUG org.springframework.test.context.BootstrapUtils - Instantiating CacheAwareContextLoaderDelegate from class [org.springframework.test.context.cache.DefaultCacheAwareContextLoaderDelegate]
22:42:35.018 [Test worker] DEBUG org.springframework.test.context.BootstrapUtils - Instantiating BootstrapContext using constructor [public org.springframework.test.context.support.DefaultBootstrapContext(java.lang.Class,org.springframework.test.context.CacheAwareContextLoaderDelegate)]
22:42:35.062 [Test worker] DEBUG org.springframework.test.context.BootstrapUtils - Instantiating TestContextBootstrapper for test class [com.example.demo.service.MemberServiceImplTest] from class [org.springframework.boot.test.context.SpringBootTestContextBootstrapper]
22:42:35.078 [Test worker] INFO org.springframework.boot.test.context.SpringBootTestContextBootstrapper - Neither @ContextConfiguration nor @ContextHierarchy found for test class [com.example.demo.service.MemberServiceImplTest], using SpringBootContextLoader
22:42:35.084 [Test worker] DEBUG org.springframework.test.context.support.AbstractContextLoader - Did not detect default resource location for test class [com.example.demo.service.MemberServiceImplTest]: class path resource [com/example/demo/service/MemberServiceImplTest-context.xml] does not exist
22:42:35.085 [Test worker] DEBUG org.springframework.test.context.support.AbstractContextLoader - Did not detect default resource location for test class [com.example.demo.service.MemberServiceImplTest]: class path resource [com/example/demo/service/MemberServiceImplTestContext.groovy] does not exist
22:42:35.085 [Test worker] INFO org.springframework.test.context.support.AbstractContextLoader - Could not detect default resource locations for test class [com.example.demo.service.MemberServiceImplTest]: no resource found for suffixes {-context.xml, Context.groovy}.
22:42:35.086 [Test worker] INFO org.springframework.test.context.support.AnnotationConfigContextLoaderUtils - Could not detect default configuration classes for test class [com.example.demo.service.MemberServiceImplTest]: MemberServiceImplTest does not declare any static, non-private, non-final, nested classes annotated with @Configuration.
22:42:35.146 [Test worker] DEBUG org.springframework.test.context.support.ActiveProfilesUtils - Could not find an 'annotation declaring class' for annotation type [org.springframework.test.context.ActiveProfiles] and class [com.example.demo.service.MemberServiceImplTest]
22:42:35.238 [Test worker] DEBUG org.springframework.context.annotation.ClassPathScanningCandidateComponentProvider - Identified candidate component class: file [C:\Users\user\OneDrive\바탕 화면\6월 프리온보딩\wanted-preonboarding-challenge-backend-20\demo\build\classes\java\main\com\example\demo\DemoApplication.class]
22:42:35.239 [Test worker] INFO org.springframework.boot.test.context.SpringBootTestContextBootstrapper - Found @SpringBootConfiguration com.example.demo.DemoApplication for test class com.example.demo.service.MemberServiceImplTest
22:42:35.374 [Test worker] DEBUG org.springframework.boot.test.context.SpringBootTestContextBootstrapper - @TestExecutionListeners is not present for class [com.example.demo.service.MemberServiceImplTest]: using defaults.
22:42:35.375 [Test worker] INFO org.springframework.boot.test.context.SpringBootTestContextBootstrapper - Loaded default TestExecutionListener class names from location [META-INF/spring.factories]: [org.springframework.boot.test.autoconfigure.restdocs.RestDocsTestExecutionListener, org.springframework.boot.test.autoconfigure.web.client.MockRestServiceServerResetTestExecutionListener, org.springframework.boot.test.autoconfigure.web.servlet.MockMvcPrintOnlyOnFailureTestExecutionListener, org.springframework.boot.test.autoconfigure.web.servlet.WebDriverTestExecutionListener, org.springframework.boot.test.autoconfigure.webservices.client.MockWebServiceServerTestExecutionListener, org.springframework.boot.test.mock.mockito.MockitoTestExecutionListener, org.springframework.boot.test.mock.mockito.ResetMocksTestExecutionListener, org.springframework.test.context.web.ServletTestExecutionListener, org.springframework.test.context.support.DirtiesContextBeforeModesTestExecutionListener, org.springframework.test.context.event.ApplicationEventsTestExecutionListener, org.springframework.test.context.support.DependencyInjectionTestExecutionListener, org.springframework.test.context.support.DirtiesContextTestExecutionListener, org.springframework.test.context.transaction.TransactionalTestExecutionListener, org.springframework.test.context.jdbc.SqlScriptsTestExecutionListener, org.springframework.test.context.event.EventPublishingTestExecutionListener]
22:42:35.404 [Test worker] INFO org.springframework.boot.test.context.SpringBootTestContextBootstrapper - Using TestExecutionListeners: [org.springframework.test.context.web.ServletTestExecutionListener@23b7ae81, org.springframework.test.context.support.DirtiesContextBeforeModesTestExecutionListener@1c91639c, org.springframework.test.context.event.ApplicationEventsTestExecutionListener@3cbd6ae6, org.springframework.boot.test.mock.mockito.MockitoTestExecutionListener@53c3f878, org.springframework.boot.test.autoconfigure.SpringBootDependencyInjectionTestExecutionListener@844165b7, org.springframework.test.context.support.DirtiesContextTestExecutionListener@6aec7376, org.springframework.test.context.transaction.TransactionalTestExecutionListener@e43d5bf8, org.springframework.test.context.jdbc.SqlScriptsTestExecutionListener@dbad3cef, org.springframework.test.context.event.EventPublishingTestExecutionListener@737dd27d, org.springframework.boot.test.autoconfigure.restdocs.RestDocsTestExecutionListener@443a4dc9, org.springframework.boot.test.autoconfigure.web.client.MockRestServiceServerResetTestExecutionListener@ed8f9f2d, org.springframework.boot.test.autoconfigure.web.servlet.MockMvcPrintOnlyOnFailureTestExecutionListener@380a921b, org.springframework.boot.test.autoconfigure.web.servlet.WebDriverTestExecutionListener@697708fa, org.springframework.boot.test.autoconfigure.webservices.client.MockWebServiceServerTestExecutionListener@8159c24f, org.springframework.boot.test.mock.mockito.ResetMocksTestExecutionListener@52edadea]
22:42:35.409 [Test worker] DEBUG org.springframework.test.context.support.AbstractDirtiesContextTestExecutionListener - Before test class: context [DefaultTestContext@4288426b testClass = MemberServiceImplTest, testInstance = [null], testMethod = [null], testException = [null], mergedContextConfiguration = [WebMergedContextConfiguration@51942f9c testClass = MemberServiceImplTest, locations = '{}', classes = '{class com.example.demo.DemoApplication}', contextInitializerClasses = '[]', activeProfiles = '{}', propertySourceLocations = '{}', propertySourceProperties = '{org.springframework.boot.test.context.SpringBootTestContextBootstrapper=true, server.port=0}', contextCustomizers = set[org.springframework.boot.test.autoconfigure.actuate.metrics.MetricsExportContextCustomizerFactory$DisableMetricExportContextCustomizer@c1045bfe, org.springframework.boot.test.autoconfigure.properties.PropertyMappingContextCustomizer@0, org.springframework.boot.test.autoconfigure.web.servlet.WebDriverContextCustomizerFactory$Customizer@89098a70, org.springframework.boot.test.context.filter.ExcludeFilterContextCustomizer@2326bb74, org.springframework.boot.test.json.DuplicateJsonObjectContextCustomizerFactory$DuplicateJsonObjectContextCustomizer@f4f4178f, org.springframework.boot.test.mock.mockito.MockitoContextCustomizer@0, org.springframework.boot.test.web.client.TestRestTemplateContextCustomizer@c0990ec6, org.springframework.boot.test.context.SpringBootTestArgs@1, org.springframework.boot.test.context.SpringBootTestWebEnvironment@eb661ff6], resourceBasePath = 'src/main/webapp', contextLoader = 'org.springframework.boot.test.context.SpringBootContextLoader', parent = [null]], attributes = map['org.springframework.test.context.web.ServletTestExecutionListener.activateListener' -> false]], class annotated with @DirtiesContext [false] with mode [null].
22:42:35.422 [Test worker] DEBUG org.springframework.test.context.support.DependencyInjectionTestExecutionListener - Performing dependency injection for test context [[DefaultTestContext@4288426b testClass = MemberServiceImplTest, testInstance = com.example.demo.service.MemberServiceImplTest@ea6659a5, testMethod = [null], testException = [null], mergedContextConfiguration = [WebMergedContextConfiguration@51942f9c testClass = MemberServiceImplTest, locations = '{}', classes = '{class com.example.demo.DemoApplication}', contextInitializerClasses = '[]', activeProfiles = '{}', propertySourceLocations = '{}', propertySourceProperties = '{org.springframework.boot.test.context.SpringBootTestContextBootstrapper=true, server.port=0}', contextCustomizers = set[org.springframework.boot.test.autoconfigure.actuate.metrics.MetricsExportContextCustomizerFactory$DisableMetricExportContextCustomizer@c1045bfe, org.springframework.boot.test.autoconfigure.properties.PropertyMappingContextCustomizer@0, org.springframework.boot.test.autoconfigure.web.servlet.WebDriverContextCustomizerFactory$Customizer@89098a70, org.springframework.boot.test.context.filter.ExcludeFilterContextCustomizer@2326bb74, org.springframework.boot.test.json.DuplicateJsonObjectContextCustomizerFactory$DuplicateJsonObjectContextCustomizer@f4f4178f, org.springframework.boot.test.mock.mockito.MockitoContextCustomizer@0, org.springframework.boot.test.web.client.TestRestTemplateContextCustomizer@c0990ec6, org.springframework.boot.test.context.SpringBootTestArgs@1, org.springframework.boot.test.context.SpringBootTestWebEnvironment@eb661ff6], resourceBasePath = 'src/main/webapp', contextLoader = 'org.springframework.boot.test.context.SpringBootContextLoader', parent = [null]], attributes = map['org.springframework.test.context.web.ServletTestExecutionListener.activateListener' -> false, 'org.springframework.test.context.event.ApplicationEventsTestExecutionListener.recordApplicationEvents' -> false]]].

  .   ____          _            __ _ _
 /\\ / ___'_ __ _ _(_)_ __  __ _ \ \ \ \
( ( )\___ | '_ | '_| | '_ \/ _` | \ \ \ \
 \\/  ___)| |_)| | | | | || (_| |  ) ) ) )
  '  |____| .__|_| |_|_| |_\__, | / / / /
 =========|_|==============|___/=/_/_/_/
 :: Spring Boot ::               (v2.7.17)

2024-06-18 22:42:35.953  INFO 17880 --- [    Test worker] c.e.demo.service.MemberServiceImplTest   : Starting MemberServiceImplTest using Java 11.0.23 on DESKTOP-FT4O3NU with PID 17880 (started by user in C:\Users\user\OneDrive\바탕 화면\6월 프리온보딩\wanted-preonboarding-challenge-backend-20\demo)
2024-06-18 22:42:35.955  INFO 17880 --- [    Test worker] c.e.demo.service.MemberServiceImplTest   : No active profile set, falling back to 1 default profile: "default"
2024-06-18 22:42:37.152  INFO 17880 --- [    Test worker] .s.d.r.c.RepositoryConfigurationDelegate : Bootstrapping Spring Data JPA repositories in DEFAULT mode.
2024-06-18 22:42:37.255  INFO 17880 --- [    Test worker] .s.d.r.c.RepositoryConfigurationDelegate : Finished Spring Data repository scanning in 93 ms. Found 3 JPA repository interfaces.
2024-06-18 22:42:38.246  INFO 17880 --- [    Test worker] o.s.b.w.embedded.tomcat.TomcatWebServer  : Tomcat initialized with port(s): 0 (http)
2024-06-18 22:42:38.261  INFO 17880 --- [    Test worker] o.apache.catalina.core.StandardService   : Starting service [Tomcat]
2024-06-18 22:42:38.261  INFO 17880 --- [    Test worker] org.apache.catalina.core.StandardEngine  : Starting Servlet engine: [Apache Tomcat/9.0.82]
2024-06-18 22:42:38.479  INFO 17880 --- [    Test worker] o.a.c.c.C.[Tomcat].[localhost].[/]       : Initializing Spring embedded WebApplicationContext
2024-06-18 22:42:38.479  INFO 17880 --- [    Test worker] w.s.c.ServletWebServerApplicationContext : Root WebApplicationContext: initialization completed in 2195 ms
2024-06-18 22:42:38.859  INFO 17880 --- [    Test worker] o.hibernate.jpa.internal.util.LogHelper  : HHH000204: Processing PersistenceUnitInfo [name: default]
2024-06-18 22:42:38.955  INFO 17880 --- [    Test worker] org.hibernate.Version                    : HHH000412: Hibernate ORM core version 5.6.15.Final
2024-06-18 22:42:39.246  INFO 17880 --- [    Test worker] o.hibernate.annotations.common.Version   : HCANN000001: Hibernate Commons Annotations {5.1.2.Final}
2024-06-18 22:42:39.433  INFO 17880 --- [    Test worker] com.zaxxer.hikari.HikariDataSource       : HikariPool-1 - Starting...
2024-06-18 22:42:39.753  INFO 17880 --- [    Test worker] com.zaxxer.hikari.HikariDataSource       : HikariPool-1 - Start completed.
2024-06-18 22:42:39.814  INFO 17880 --- [    Test worker] org.hibernate.dialect.Dialect            : HHH000400: Using dialect: org.hibernate.dialect.MySQL8Dialect
2024-06-18 22:42:40.948  INFO 17880 --- [    Test worker] o.h.e.t.j.p.i.JtaPlatformInitiator       : HHH000490: Using JtaPlatform implementation: [org.hibernate.engine.transaction.jta.platform.internal.NoJtaPlatform]
2024-06-18 22:42:40.965  INFO 17880 --- [    Test worker] j.LocalContainerEntityManagerFactoryBean : Initialized JPA EntityManagerFactory for persistence unit 'default'
2024-06-18 22:42:41.717  WARN 17880 --- [    Test worker] JpaBaseConfiguration$JpaWebConfiguration : spring.jpa.open-in-view is enabled by default. Therefore, database queries may be performed during view rendering. Explicitly configure spring.jpa.open-in-view to disable this warning
2024-06-18 22:42:42.101  INFO 17880 --- [    Test worker] o.s.b.a.w.s.WelcomePageHandlerMapping    : Adding welcome page: class path resource [static/index.html]
2024-06-18 22:42:42.837  INFO 17880 --- [    Test worker] o.s.b.w.embedded.tomcat.TomcatWebServer  : Tomcat started on port(s): 50120 (http) with context path ''
2024-06-18 22:42:42.852  INFO 17880 --- [    Test worker] c.e.demo.service.MemberServiceImplTest   : Started MemberServiceImplTest in 7.393 seconds (JVM running for 9.543)
Configured port1: 50120
Request method:	POST
Request URI:	http://localhost:50120/api/member/join
Proxy:			<none>
Request params:	<none>
Query params:	<none>
Form params:	<none>
Path params:	<none>
Headers:		Accept=*/*
				Content-Type=application/json
Cookies:		<none>
Multiparts:		<none>
Body:
{
    "email": "sssss",
    "password": "비번",
    "name": "이름"
}
2024-06-18 22:42:44.432  INFO 17880 --- [o-auto-1-exec-1] o.a.c.c.C.[Tomcat].[localhost].[/]       : Initializing Spring DispatcherServlet 'dispatcherServlet'
2024-06-18 22:42:44.432  INFO 17880 --- [o-auto-1-exec-1] o.s.web.servlet.DispatcherServlet        : Initializing Servlet 'dispatcherServlet'
2024-06-18 22:42:44.433  INFO 17880 --- [o-auto-1-exec-1] o.s.web.servlet.DispatcherServlet        : Completed initialization in 1 ms
Hibernate: select member0_.member_id as col_0_0_ from member member0_ where member0_.email=? limit ?
2024-06-18 22:42:44.737  WARN 17880 --- [o-auto-1-exec-1] .w.s.m.s.DefaultHandlerExceptionResolver : Resolved [org.springframework.web.HttpMediaTypeNotAcceptableException: Could not find acceptable representation]
HTTP/1.1 406 
Vary: Origin
Vary: Access-Control-Request-Method
Vary: Access-Control-Request-Headers
Content-Type: application/json
Transfer-Encoding: chunked
Date: Tue, 18 Jun 2024 13:42:44 GMT
Keep-Alive: timeout=60
Connection: keep-alive

{
    "timestamp": "2024-06-18T13:42:44.750+00:00",
    "status": 406,
    "error": "Not Acceptable",
    "path": "/api/member/join"
}
Configured port2: 50120
]]></system-out>
  <system-err><![CDATA[]]></system-err>
</testsuite>
